2025-05-16T12:10:56.924Z [32minfo[39m: [32mConnection to the database has been established successfully.[39m
2025-05-16T12:10:56.929Z [32minfo[39m: [32mServer is running on port 3000.[39m
2025-05-19T21:10:42.726Z [32minfo[39m: [32mConnection to the database has been established successfully.[39m
2025-05-19T21:10:42.755Z [32minfo[39m: [32mServer is running on port 3000.[39m
2025-05-19T21:12:14.539Z [32minfo[39m: [32mConnection to the database has been established successfully.[39m
2025-05-19T21:12:14.544Z [32minfo[39m: [32mServer is running on port 3000.[39m
2025-05-19T21:13:51.612Z [32minfo[39m: [32mConnection to the database has been established successfully.[39m
2025-05-19T21:13:51.617Z [32minfo[39m: [32mServer is running on port 3000.[39m
2025-05-19T22:22:24.315Z [32minfo[39m: [32mConnection to the database has been established successfully.[39m
2025-05-19T22:22:24.320Z [32minfo[39m: [32mServer is running on port 3000.[39m
2025-05-19T22:24:06.270Z [32minfo[39m: [32mConnection to the database has been established successfully.[39m
2025-05-19T22:24:06.275Z [32minfo[39m: [32mServer is running on port 3000.[39m
2025-05-19T22:27:00.788Z [32minfo[39m: [32mConnection to the database has been established successfully.[39m
2025-05-19T22:27:00.792Z [32minfo[39m: [32mServer is running on port 3000.[39m
2025-05-19T22:27:11.932Z [32minfo[39m: [32mConnection to the database has been established successfully.[39m
2025-05-19T22:27:11.936Z [32minfo[39m: [32mServer is running on port 3000.[39m
2025-05-19T22:27:19.534Z [32minfo[39m: [32mConnection to the database has been established successfully.[39m
2025-05-19T22:27:19.539Z [32minfo[39m: [32mServer is running on port 3000.[39m
2025-05-19T22:27:35.419Z [32minfo[39m: [32mConnection to the database has been established successfully.[39m
2025-05-19T22:27:35.424Z [32minfo[39m: [32mServer is running on port 3000.[39m
2025-05-19T22:27:50.423Z [32minfo[39m: [32mConnection to the database has been established successfully.[39m
2025-05-19T22:27:50.428Z [32minfo[39m: [32mServer is running on port 3000.[39m
2025-05-19T22:31:38.905Z [32minfo[39m: [32mConnection to the database has been established successfully.[39m
2025-05-19T22:31:38.910Z [32minfo[39m: [32mServer is running on port 3000.[39m
2025-05-19T22:34:09.836Z [32minfo[39m: [32mConnection to the database has been established successfully.[39m
2025-05-19T22:34:09.841Z [32minfo[39m: [32mServer is running on port 3000.[39m
2025-05-19T22:34:52.500Z [32minfo[39m: [32mConnection to the database has been established successfully.[39m
2025-05-19T22:34:52.505Z [32minfo[39m: [32mServer is running on port 3000.[39m
2025-05-19T22:34:58.228Z [32minfo[39m: [32mConnection to the database has been established successfully.[39m
2025-05-19T22:34:58.233Z [32minfo[39m: [32mServer is running on port 3000.[39m
2025-05-19T22:35:33.153Z [32minfo[39m: [32mConnection to the database has been established successfully.[39m
2025-05-19T22:35:33.157Z [32minfo[39m: [32mServer is running on port 3000.[39m
2025-05-19T22:35:36.530Z [32minfo[39m: [32mConnection to the database has been established successfully.[39m
2025-05-19T22:35:36.535Z [32minfo[39m: [32mServer is running on port 3000.[39m
2025-05-19T22:36:44.641Z [32minfo[39m: [32mConnection to the database has been established successfully.[39m
2025-05-19T22:36:44.646Z [32minfo[39m: [32mServer is running on port 3000.[39m
2025-05-19T22:36:58.260Z [32minfo[39m: [32mConnection to the database has been established successfully.[39m
2025-05-19T22:36:58.265Z [32minfo[39m: [32mServer is running on port 3000.[39m
2025-05-19T22:39:11.548Z [32minfo[39m: [32mConnection to the database has been established successfully.[39m
2025-05-19T22:39:11.552Z [32minfo[39m: [32mServer is running on port 3000.[39m
2025-05-19T22:41:19.423Z [32minfo[39m: [32mConnection to the database has been established successfully.[39m
2025-05-19T22:41:19.428Z [32minfo[39m: [32mServer is running on port 3000.[39m
2025-05-19T22:48:54.754Z [32minfo[39m: [32mConnection to the database has been established successfully.[39m
2025-05-19T22:48:54.759Z [32minfo[39m: [32mServer is running on port 3000.[39m
2025-05-20T11:21:12.472Z [32minfo[39m: [32mConnection to the database has been established successfully.[39m
2025-05-20T11:21:12.477Z [32minfo[39m: [32mServer is running on port 3000.[39m
2025-06-01T11:48:50.700Z [32minfo[39m: [32mConnection to the database has been established successfully.[39m
2025-06-01T11:48:50.710Z [32minfo[39m: [32mServer is running on port 3000.[39m
2025-06-01T11:51:23.452Z [32minfo[39m: [32mConnection to the database has been established successfully.[39m
2025-06-01T11:51:23.457Z [32minfo[39m: [32mServer is running on port 3000.[39m
2025-06-02T12:41:36.955Z [32minfo[39m: [32mConnection to the database has been established successfully.[39m
2025-06-02T12:41:36.977Z [32minfo[39m: [32mServer is running on port 3000.[39m
2025-06-02T12:41:53.246Z [32minfo[39m: [32mConnection to the database has been established successfully.[39m
2025-06-02T12:41:53.251Z [32minfo[39m: [32mServer is running on port 3000.[39m
2025-06-02T12:49:07.008Z [31merror[39m: [31mPage not found[39m
2025-06-02T12:49:07.192Z [31merror[39m: [31mPage not found[39m
2025-06-02T12:51:40.776Z [32minfo[39m: [32mConnection to the database has been established successfully.[39m
2025-06-02T12:51:40.781Z [32minfo[39m: [32mServer is running on port 3000.[39m
2025-06-08T16:02:56.534Z [32minfo[39m: [32mConnection to the database has been established successfully.[39m
2025-06-08T16:02:56.539Z [32minfo[39m: [32mServer is running on port 3000.[39m
2025-06-08T22:27:02.603Z [32minfo[39m: [32mConnection to the database has been established successfully.[39m
2025-06-08T22:27:02.608Z [32minfo[39m: [32mServer is running on port 3000.[39m
2025-06-08T22:33:22.474Z [32minfo[39m: [32mConnection to the database has been established successfully.[39m
2025-06-08T22:33:22.479Z [32minfo[39m: [32mServer is running on port 3000.[39m
2025-06-08T22:33:34.483Z [32minfo[39m: [32mConnection to the database has been established successfully.[39m
2025-06-08T22:33:34.487Z [32minfo[39m: [32mServer is running on port 3000.[39m
2025-06-08T22:34:03.109Z [32minfo[39m: [32mConnection to the database has been established successfully.[39m
2025-06-08T22:34:03.113Z [32minfo[39m: [32mServer is running on port 3000.[39m
2025-06-08T22:34:10.137Z [32minfo[39m: [32mConnection to the database has been established successfully.[39m
2025-06-08T22:34:10.142Z [32minfo[39m: [32mServer is running on port 3000.[39m
2025-06-08T22:41:39.547Z [32minfo[39m: [32mConnection to the database has been established successfully.[39m
2025-06-08T22:41:39.552Z [32minfo[39m: [32mServer is running on port 3000.[39m
2025-06-08T22:41:54.589Z [31merror[39m: [31mUNAUTHORIZED_USER[39m
2025-06-08T22:42:32.553Z [31merror[39m: [31mUNAUTHORIZED_USER[39m
2025-06-08T22:45:38.712Z [32minfo[39m: [32mConnection to the database has been established successfully.[39m
2025-06-08T22:45:38.717Z [32minfo[39m: [32mServer is running on port 3000.[39m
2025-06-08T22:45:48.825Z [31merror[39m: [31mresizedImage is not defined[39m
2025-06-08T22:47:45.702Z [32minfo[39m: [32mConnection to the database has been established successfully.[39m
2025-06-08T22:47:45.707Z [32minfo[39m: [32mServer is running on port 3000.[39m
2025-06-08T22:48:11.354Z [32minfo[39m: [32mConnection to the database has been established successfully.[39m
2025-06-08T22:48:11.359Z [32minfo[39m: [32mServer is running on port 3000.[39m
2025-06-08T22:48:33.427Z [32minfo[39m: [32mConnection to the database has been established successfully.[39m
2025-06-08T22:48:33.432Z [32minfo[39m: [32mServer is running on port 3000.[39m
2025-06-08T22:55:27.510Z [32minfo[39m: [32mConnection to the database has been established successfully.[39m
2025-06-08T22:55:27.515Z [32minfo[39m: [32mServer is running on port 3000.[39m
2025-06-08T22:56:24.434Z [32minfo[39m: [32mConnection to the database has been established successfully.[39m
2025-06-08T22:56:24.439Z [32minfo[39m: [32mServer is running on port 3000.[39m
2025-06-08T22:57:02.543Z [32minfo[39m: [32mConnection to the database has been established successfully.[39m
2025-06-08T22:57:02.548Z [32minfo[39m: [32mServer is running on port 3000.[39m
2025-06-08T22:57:26.114Z [32minfo[39m: [32mConnection to the database has been established successfully.[39m
2025-06-08T22:57:26.118Z [32minfo[39m: [32mServer is running on port 3000.[39m
2025-06-08T22:58:44.465Z [32minfo[39m: [32mConnection to the database has been established successfully.[39m
2025-06-08T22:58:44.469Z [32minfo[39m: [32mServer is running on port 3000.[39m
2025-06-08T23:02:49.837Z [32minfo[39m: [32mConnection to the database has been established successfully.[39m
2025-06-08T23:02:49.842Z [32minfo[39m: [32mServer is running on port 3000.[39m
2025-06-08T23:03:15.586Z [32minfo[39m: [32mConnection to the database has been established successfully.[39m
2025-06-08T23:03:15.592Z [32minfo[39m: [32mServer is running on port 3000.[39m
2025-06-08T23:03:34.671Z [32minfo[39m: [32mConnection to the database has been established successfully.[39m
2025-06-08T23:03:34.676Z [32minfo[39m: [32mServer is running on port 3000.[39m
2025-06-08T23:03:50.035Z [32minfo[39m: [32mConnection to the database has been established successfully.[39m
2025-06-08T23:03:50.040Z [32minfo[39m: [32mServer is running on port 3000.[39m
2025-06-08T23:05:19.295Z [32minfo[39m: [32mConnection to the database has been established successfully.[39m
2025-06-08T23:05:19.300Z [32minfo[39m: [32mServer is running on port 3000.[39m
2025-06-08T23:05:37.966Z [32minfo[39m: [32mConnection to the database has been established successfully.[39m
2025-06-08T23:05:37.971Z [32minfo[39m: [32mServer is running on port 3000.[39m
2025-06-08T23:06:17.614Z [32minfo[39m: [32mConnection to the database has been established successfully.[39m
2025-06-08T23:06:17.619Z [32minfo[39m: [32mServer is running on port 3000.[39m
2025-06-08T23:12:03.595Z [32minfo[39m: [32mConnection to the database has been established successfully.[39m
2025-06-08T23:12:03.600Z [32minfo[39m: [32mServer is running on port 3000.[39m
2025-06-08T23:12:40.368Z [32minfo[39m: [32mConnection to the database has been established successfully.[39m
2025-06-08T23:12:40.373Z [32minfo[39m: [32mServer is running on port 3000.[39m
2025-06-08T23:13:06.950Z [32minfo[39m: [32mConnection to the database has been established successfully.[39m
2025-06-08T23:13:06.956Z [32minfo[39m: [32mServer is running on port 3000.[39m
2025-06-08T23:23:03.133Z [32minfo[39m: [32mConnection to the database has been established successfully.[39m
2025-06-08T23:23:03.138Z [32minfo[39m: [32mServer is running on port 3000.[39m
2025-06-08T23:33:59.621Z [31merror[39m: [31mUnable to connect to the database 🤷🏼[39m
2025-06-10T02:41:15.165Z [32minfo[39m: [32mConnection to the database has been established successfully.[39m
2025-06-10T02:41:15.170Z [32minfo[39m: [32mServer is running on port 3000.[39m
2025-06-10T02:48:08.076Z [32minfo[39m: [32mConnection to the database has been established successfully.[39m
2025-06-10T02:48:08.081Z [32minfo[39m: [32mServer is running on port 3000.[39m
2025-06-10T02:58:07.323Z [32minfo[39m: [32mConnection to the database has been established successfully.[39m
2025-06-10T02:58:07.329Z [32minfo[39m: [32mServer is running on port 3000.[39m
2025-06-10T03:05:23.516Z [32minfo[39m: [32mConnection to the database has been established successfully.[39m
2025-06-10T03:05:23.521Z [32minfo[39m: [32mServer is running on port 3000.[39m
2025-06-10T03:09:02.658Z [32minfo[39m: [32mConnection to the database has been established successfully.[39m
2025-06-10T03:09:02.663Z [32minfo[39m: [32mServer is running on port 3000.[39m
2025-06-10T03:13:57.915Z [32minfo[39m: [32mConnection to the database has been established successfully.[39m
2025-06-10T03:13:57.920Z [32minfo[39m: [32mServer is running on port 3000.[39m
2025-06-10T03:14:19.437Z [32minfo[39m: [32mConnection to the database has been established successfully.[39m
2025-06-10T03:14:19.442Z [32minfo[39m: [32mServer is running on port 3000.[39m
2025-06-10T10:58:46.975Z [31merror[39m: [31mUnable to connect to the database 🤷🏼[39m
2025-06-10T10:59:03.956Z [32minfo[39m: [32mConnection to the database has been established successfully.[39m
2025-06-10T10:59:03.961Z [32minfo[39m: [32mServer is running on port 3000.[39m
2025-06-18T20:55:15.704Z [32minfo[39m: [32mConnection to the database has been established successfully.[39m
2025-06-18T20:55:15.769Z [32minfo[39m: [32mServer is running on port 3000.[39m
2025-06-18T20:55:27.924Z [31merror[39m: [31mINACTIVE_ACCOUNT[39m
2025-06-18T20:56:34.697Z [31merror[39m: [31mNULL is not defined[39m
2025-06-18T20:57:52.682Z [31merror[39m: [31mNULL is not defined[39m
2025-06-18T20:58:26.469Z [32minfo[39m: [32mConnection to the database has been established successfully.[39m
2025-06-18T20:58:26.474Z [32minfo[39m: [32mServer is running on port 3000.[39m
2025-06-18T20:58:32.557Z [31merror[39m: [31mEMAIL_NOT_VERIFIED[39m
2025-06-18T21:00:49.776Z [32minfo[39m: [32mConnection to the database has been established successfully.[39m
2025-06-18T21:00:49.781Z [32minfo[39m: [32mServer is running on port 3000.[39m
2025-06-18T21:01:38.992Z [32minfo[39m: [32mConnection to the database has been established successfully.[39m
2025-06-18T21:01:38.998Z [32minfo[39m: [32mServer is running on port 3000.[39m
2025-06-18T21:01:41.621Z [31merror[39m: [31mEMAIL_NOT_VERIFIED[39m
2025-06-18T21:03:50.417Z [32minfo[39m: [32mConnection to the database has been established successfully.[39m
2025-06-18T21:03:50.422Z [32minfo[39m: [32mServer is running on port 3000.[39m
2025-06-18T21:03:53.952Z [31merror[39m: [31mEMAIL_NOT_VERIFIED[39m
2025-06-18T21:04:22.132Z [31merror[39m: [31mEMAIL_NOT_VERIFIED[39m
2025-06-18T21:04:41.096Z [31merror[39m: [31mEMAIL_NOT_VERIFIED[39m
2025-06-18T21:05:07.051Z [32minfo[39m: [32mConnection to the database has been established successfully.[39m
2025-06-18T21:05:07.055Z [32minfo[39m: [32mServer is running on port 3000.[39m
2025-06-18T21:05:07.656Z [31merror[39m: [31mEMAIL_NOT_VERIFIED[39m
2025-06-18T21:05:25.829Z [32minfo[39m: [32mConnection to the database has been established successfully.[39m
2025-06-18T21:05:25.834Z [32minfo[39m: [32mServer is running on port 3000.[39m
2025-06-18T21:06:23.004Z [31merror[39m: [31mEMAIL_NOT_VERIFIED[39m
2025-06-18T21:08:40.889Z [32minfo[39m: [32mConnection to the database has been established successfully.[39m
2025-06-18T21:08:40.894Z [32minfo[39m: [32mServer is running on port 3000.[39m
2025-06-18T21:09:57.080Z [32minfo[39m: [32mConnection to the database has been established successfully.[39m
2025-06-18T21:09:57.085Z [32minfo[39m: [32mServer is running on port 3000.[39m
2025-06-18T21:12:08.510Z [32minfo[39m: [32mConnection to the database has been established successfully.[39m
2025-06-18T21:12:08.516Z [32minfo[39m: [32mServer is running on port 3000.[39m
2025-06-18T21:12:13.078Z [31merror[39m: [31mEMAIL_NOT_VERIFIED[39m
2025-06-18T21:15:03.178Z [32minfo[39m: [32mConnection to the database has been established successfully.[39m
2025-06-18T21:15:03.183Z [32minfo[39m: [32mServer is running on port 3000.[39m
2025-06-18T21:17:03.603Z [32minfo[39m: [32mConnection to the database has been established successfully.[39m
2025-06-18T21:17:03.608Z [32minfo[39m: [32mServer is running on port 3000.[39m
2025-06-18T21:17:50.678Z [32minfo[39m: [32mConnection to the database has been established successfully.[39m
2025-06-18T21:17:50.683Z [32minfo[39m: [32mServer is running on port 3000.[39m
2025-06-18T21:20:31.586Z [32minfo[39m: [32mConnection to the database has been established successfully.[39m
2025-06-18T21:20:31.591Z [32minfo[39m: [32mServer is running on port 3000.[39m
2025-06-18T21:22:47.218Z [32minfo[39m: [32mConnection to the database has been established successfully.[39m
2025-06-18T21:22:47.224Z [32minfo[39m: [32mServer is running on port 3000.[39m
2025-06-18T21:36:55.417Z [32minfo[39m: [32mConnection to the database has been established successfully.[39m
2025-06-18T21:36:55.422Z [32minfo[39m: [32mServer is running on port 3000.[39m
2025-06-18T21:38:31.138Z [32minfo[39m: [32mConnection to the database has been established successfully.[39m
2025-06-18T21:38:31.143Z [32minfo[39m: [32mServer is running on port 3000.[39m
2025-06-18T21:45:21.147Z [32minfo[39m: [32mConnection to the database has been established successfully.[39m
2025-06-18T21:45:21.152Z [32minfo[39m: [32mServer is running on port 3000.[39m
2025-06-18T21:49:22.592Z [32minfo[39m: [32mConnection to the database has been established successfully.[39m
2025-06-18T21:49:22.597Z [32minfo[39m: [32mServer is running on port 3000.[39m
2025-06-18T21:50:23.144Z [32minfo[39m: [32mConnection to the database has been established successfully.[39m
2025-06-18T21:50:23.149Z [32minfo[39m: [32mServer is running on port 3000.[39m
2025-06-18T21:51:56.827Z [32minfo[39m: [32mConnection to the database has been established successfully.[39m
2025-06-18T21:51:56.832Z [32minfo[39m: [32mServer is running on port 3000.[39m
2025-06-18T22:00:01.646Z [32minfo[39m: [32mConnection to the database has been established successfully.[39m
2025-06-18T22:00:01.651Z [32minfo[39m: [32mServer is running on port 3000.[39m
2025-06-18T22:02:25.980Z [32minfo[39m: [32mConnection to the database has been established successfully.[39m
2025-06-18T22:02:25.985Z [32minfo[39m: [32mServer is running on port 3000.[39m
2025-06-18T22:05:18.967Z [32minfo[39m: [32mConnection to the database has been established successfully.[39m
2025-06-18T22:05:18.972Z [32minfo[39m: [32mServer is running on port 3000.[39m
2025-06-18T22:06:46.656Z [32minfo[39m: [32mConnection to the database has been established successfully.[39m
2025-06-18T22:06:46.661Z [32minfo[39m: [32mServer is running on port 3000.[39m
2025-06-18T22:06:57.025Z [32minfo[39m: [32mConnection to the database has been established successfully.[39m
2025-06-18T22:06:57.030Z [32minfo[39m: [32mServer is running on port 3000.[39m
2025-06-18T22:07:23.451Z [32minfo[39m: [32mConnection to the database has been established successfully.[39m
2025-06-18T22:07:23.456Z [32minfo[39m: [32mServer is running on port 3000.[39m
2025-06-18T22:08:15.046Z [32minfo[39m: [32mConnection to the database has been established successfully.[39m
2025-06-18T22:08:15.051Z [32minfo[39m: [32mServer is running on port 3000.[39m
2025-06-18T22:08:21.817Z [32minfo[39m: [32mConnection to the database has been established successfully.[39m
2025-06-18T22:08:21.822Z [32minfo[39m: [32mServer is running on port 3000.[39m
2025-06-18T22:08:53.268Z [32minfo[39m: [32mConnection to the database has been established successfully.[39m
2025-06-18T22:08:53.274Z [32minfo[39m: [32mServer is running on port 3000.[39m
2025-06-18T22:09:19.451Z [32minfo[39m: [32mConnection to the database has been established successfully.[39m
2025-06-18T22:09:19.456Z [32minfo[39m: [32mServer is running on port 3000.[39m
2025-06-18T22:09:53.022Z [32minfo[39m: [32mConnection to the database has been established successfully.[39m
2025-06-18T22:09:53.026Z [32minfo[39m: [32mServer is running on port 3000.[39m
2025-06-18T22:10:08.277Z [32minfo[39m: [32mConnection to the database has been established successfully.[39m
2025-06-18T22:10:08.282Z [32minfo[39m: [32mServer is running on port 3000.[39m
2025-06-18T22:10:25.456Z [32minfo[39m: [32mConnection to the database has been established successfully.[39m
2025-06-18T22:10:25.461Z [32minfo[39m: [32mServer is running on port 3000.[39m
2025-06-18T22:11:16.955Z [32minfo[39m: [32mConnection to the database has been established successfully.[39m
2025-06-18T22:11:16.960Z [32minfo[39m: [32mServer is running on port 3000.[39m
2025-06-18T22:12:57.594Z [32minfo[39m: [32mConnection to the database has been established successfully.[39m
2025-06-18T22:12:57.599Z [32minfo[39m: [32mServer is running on port 3000.[39m
2025-06-18T22:14:11.916Z [32minfo[39m: [32mConnection to the database has been established successfully.[39m
2025-06-18T22:14:11.921Z [32minfo[39m: [32mServer is running on port 3000.[39m
2025-06-18T22:16:50.054Z [32minfo[39m: [32mConnection to the database has been established successfully.[39m
2025-06-18T22:16:50.058Z [32minfo[39m: [32mServer is running on port 3000.[39m
2025-06-18T22:18:27.376Z [32minfo[39m: [32mConnection to the database has been established successfully.[39m
2025-06-18T22:18:27.381Z [32minfo[39m: [32mServer is running on port 3000.[39m
2025-06-18T22:20:36.570Z [32minfo[39m: [32mConnection to the database has been established successfully.[39m
2025-06-18T22:20:36.574Z [32minfo[39m: [32mServer is running on port 3000.[39m
2025-06-18T22:21:40.936Z [32minfo[39m: [32mConnection to the database has been established successfully.[39m
2025-06-18T22:21:40.941Z [32minfo[39m: [32mServer is running on port 3000.[39m
2025-06-18T22:25:17.748Z [31merror[39m: [31m"expiresIn" should be a number of seconds or string representing a timespan[39m
2025-06-18T22:27:23.899Z [32minfo[39m: [32mConnection to the database has been established successfully.[39m
2025-06-18T22:27:23.904Z [32minfo[39m: [32mServer is running on port 3000.[39m
2025-06-18T22:27:30.606Z [31merror[39m: [31m"expiresIn" should be a number of seconds or string representing a timespan[39m
2025-06-18T22:28:16.012Z [32minfo[39m: [32mConnection to the database has been established successfully.[39m
2025-06-18T22:28:16.017Z [32minfo[39m: [32mServer is running on port 3000.[39m
2025-06-18T22:28:20.231Z [31merror[39m: [31m"expiresIn" should be a number of seconds or string representing a timespan[39m
2025-06-18T22:29:29.770Z [31merror[39m: [31m"expiresIn" should be a number of seconds or string representing a timespan[39m
2025-06-18T22:29:46.333Z [32minfo[39m: [32mConnection to the database has been established successfully.[39m
2025-06-18T22:29:46.337Z [32minfo[39m: [32mServer is running on port 3000.[39m
2025-06-18T22:33:34.186Z [31merror[39m: [31m"expiresIn" should be a number of seconds or string representing a timespan[39m
2025-06-18T22:34:35.602Z [31merror[39m: [31m"expiresIn" should be a number of seconds or string representing a timespan[39m
2025-06-18T22:35:49.882Z [31merror[39m: [31m"expiresIn" should be a number of seconds or string representing a timespan[39m
2025-06-18T22:36:31.900Z [32minfo[39m: [32mConnection to the database has been established successfully.[39m
2025-06-18T22:36:31.905Z [32minfo[39m: [32mServer is running on port 3000.[39m
2025-06-18T22:40:37.370Z [31merror[39m: [31mUNAUTHORIZED[39m
2025-06-18T22:44:44.859Z [32minfo[39m: [32mConnection to the database has been established successfully.[39m
2025-06-18T22:44:44.864Z [32minfo[39m: [32mServer is running on port 3000.[39m
2025-06-18T22:48:07.632Z [32minfo[39m: [32mConnection to the database has been established successfully.[39m
2025-06-18T22:48:07.637Z [32minfo[39m: [32mServer is running on port 3000.[39m
2025-06-18T22:48:13.421Z [32minfo[39m: [32mConnection to the database has been established successfully.[39m
2025-06-18T22:48:13.426Z [32minfo[39m: [32mServer is running on port 3000.[39m
2025-06-18T22:50:09.644Z [32minfo[39m: [32mConnection to the database has been established successfully.[39m
2025-06-18T22:50:09.648Z [32minfo[39m: [32mServer is running on port 3000.[39m
2025-06-18T22:51:33.403Z [32minfo[39m: [32mConnection to the database has been established successfully.[39m
2025-06-18T22:51:33.408Z [32minfo[39m: [32mServer is running on port 3000.[39m
2025-06-18T23:00:22.459Z [32minfo[39m: [32mConnection to the database has been established successfully.[39m
2025-06-18T23:00:22.463Z [32minfo[39m: [32mServer is running on port 3000.[39m
2025-06-18T23:00:33.050Z [32minfo[39m: [32mConnection to the database has been established successfully.[39m
2025-06-18T23:00:33.055Z [32minfo[39m: [32mServer is running on port 3000.[39m
2025-06-18T23:00:48.574Z [32minfo[39m: [32mConnection to the database has been established successfully.[39m
2025-06-18T23:00:48.578Z [32minfo[39m: [32mServer is running on port 3000.[39m
2025-06-18T23:01:01.297Z [32minfo[39m: [32mConnection to the database has been established successfully.[39m
2025-06-18T23:01:01.301Z [32minfo[39m: [32mServer is running on port 3000.[39m
2025-06-18T23:01:13.492Z [32minfo[39m: [32mConnection to the database has been established successfully.[39m
2025-06-18T23:01:13.497Z [32minfo[39m: [32mServer is running on port 3000.[39m
2025-06-18T23:01:24.703Z [32minfo[39m: [32mConnection to the database has been established successfully.[39m
2025-06-18T23:01:24.708Z [32minfo[39m: [32mServer is running on port 3000.[39m
2025-06-18T23:01:28.026Z [32minfo[39m: [32mConnection to the database has been established successfully.[39m
2025-06-18T23:01:28.030Z [32minfo[39m: [32mServer is running on port 3000.[39m
2025-06-18T23:01:33.368Z [32minfo[39m: [32mConnection to the database has been established successfully.[39m
2025-06-18T23:01:33.372Z [32minfo[39m: [32mServer is running on port 3000.[39m
