2025-05-07T00:13:07.752Z [32minfo[39m: Connection to the database has been established successfully.
2025-05-07T00:13:07.757Z [32minfo[39m: Server is running on port 3000.
2025-05-07T00:13:54.885Z [32minfo[39m: Connection to the database has been established successfully.
2025-05-07T00:13:54.889Z [32minfo[39m: Server is running on port 3000.
2025-05-07T00:15:39.791Z [32minfo[39m: Connection to the database has been established successfully.
2025-05-07T00:15:39.796Z [32minfo[39m: Server is running on port 3000.
2025-05-07T00:17:18.901Z [32minfo[39m: Connection to the database has been established successfully.
2025-05-07T00:17:18.906Z [32minfo[39m: Server is running on port 3000.
2025-05-07T00:18:51.100Z [32minfo[39m: Connection to the database has been established successfully.
2025-05-07T00:18:51.105Z [32minfo[39m: Server is running on port 3000.
2025-05-07T00:22:22.172Z [32minfo[39m: Connection to the database has been established successfully.
2025-05-07T00:22:22.176Z [32minfo[39m: Server is running on port 3000.
2025-05-07T00:23:18.588Z [32minfo[39m: Connection to the database has been established successfully.
2025-05-07T00:23:18.592Z [32minfo[39m: Server is running on port 3000.
2025-05-07T00:25:53.827Z [32minfo[39m: Connection to the database has been established successfully.
2025-05-07T00:25:53.845Z [32minfo[39m: Server is running on port 3000.
2025-05-07T00:26:08.722Z [32minfo[39m: Connection to the database has been established successfully.
2025-05-07T00:26:08.727Z [32minfo[39m: Server is running on port 3000.
2025-05-07T00:26:41.392Z [32minfo[39m: Connection to the database has been established successfully.
2025-05-07T00:26:41.397Z [32minfo[39m: Server is running on port 3000.
2025-05-07T00:28:02.521Z [32minfo[39m: Connection to the database has been established successfully.
2025-05-07T00:28:02.525Z [32minfo[39m: Server is running on port 3000.
2025-05-07T00:29:17.518Z [32minfo[39m: Connection to the database has been established successfully.
2025-05-07T00:29:17.523Z [32minfo[39m: Server is running on port 3000.
2025-05-07T00:30:01.967Z [31merror[39m: INVALID_PASSWORD
2025-05-07T00:30:39.597Z [31merror[39m: INVALID_TOKEN
2025-05-07T00:31:23.251Z [31merror[39m: err is not defined
2025-05-07T00:41:37.851Z [32minfo[39m: Connection to the database has been established successfully.
2025-05-07T00:41:37.856Z [32minfo[39m: Server is running on port 3000.
2025-05-07T00:41:45.836Z [31merror[39m: err is not defined
2025-05-07T00:42:41.719Z [32minfo[39m: Connection to the database has been established successfully.
2025-05-07T00:42:41.724Z [32minfo[39m: Server is running on port 3000.
2025-05-07T00:42:55.758Z [31merror[39m: Page not found
2025-05-07T00:45:45.953Z [32minfo[39m: Connection to the database has been established successfully.
2025-05-07T00:45:45.958Z [32minfo[39m: Server is running on port 3000.
2025-05-07T00:46:06.016Z [32minfo[39m: Connection to the database has been established successfully.
2025-05-07T00:46:06.021Z [32minfo[39m: Server is running on port 3000.
2025-05-07T00:47:36.309Z [32minfo[39m: [32mConnection to the database has been established successfully.[39m
2025-05-07T00:47:36.314Z [32minfo[39m: [32mServer is running on port 3000.[39m
2025-05-07T00:49:29.069Z [32minfo[39m: [32mConnection to the database has been established successfully.[39m
2025-05-07T00:49:29.074Z [32minfo[39m: [32mServer is running on port 3000.[39m
2025-05-07T00:53:57.068Z [32minfo[39m: [32mConnection to the database has been established successfully.[39m
2025-05-07T00:53:57.072Z [32minfo[39m: [32mServer is running on port 3000.[39m
2025-05-08T01:09:54.859Z [32minfo[39m: [32mConnection to the database has been established successfully.[39m
2025-05-08T01:09:54.864Z [32minfo[39m: [32mServer is running on port 3000.[39m
2025-05-08T01:10:18.534Z [31merror[39m: [31mPage not found[39m
2025-05-08T01:10:19.961Z [31merror[39m: [31mPage not found[39m
2025-05-08T01:11:41.766Z [31merror[39m: [31mPage not found[39m
2025-05-08T01:11:47.416Z [31merror[39m: [31mPage not found[39m
2025-05-08T21:59:45.507Z [32minfo[39m: [32mConnection to the database has been established successfully.[39m
2025-05-08T21:59:45.513Z [32minfo[39m: [32mServer is running on port 3000.[39m
2025-05-08T22:00:34.315Z [32minfo[39m: [32mConnection to the database has been established successfully.[39m
2025-05-08T22:00:34.353Z [32minfo[39m: [32mServer is running on port 3000.[39m
2025-05-08T22:03:27.328Z [31merror[39m: [31mINVALID_PASSWORD[39m
2025-05-08T23:17:38.052Z [31merror[39m: [31mToo many requests, please try again later.[39m
2025-05-08T23:17:53.037Z [31merror[39m: [31mToo many requests, please try again later.[39m
2025-05-08T23:18:47.968Z [32minfo[39m: [32mConnection to the database has been established successfully.[39m
2025-05-08T23:18:47.974Z [32minfo[39m: [32mServer is running on port 3000.[39m
2025-05-09T10:43:28.896Z [32minfo[39m: [32mConnection to the database has been established successfully.[39m
2025-05-09T10:43:29.057Z [32minfo[39m: [32mServer is running on port 3000.[39m
2025-05-09T11:14:58.946Z [31merror[39m: [31mToo many requests, please try again later.[39m
2025-05-09T11:15:08.642Z [32minfo[39m: [32mConnection to the database has been established successfully.[39m
2025-05-09T11:15:08.647Z [32minfo[39m: [32mServer is running on port 3000.[39m
2025-05-09T11:29:15.796Z [31merror[39m: [31mToo many requests, please try again later.[39m
2025-05-09T11:29:54.936Z [32minfo[39m: [32mConnection to the database has been established successfully.[39m
2025-05-09T11:29:54.940Z [32minfo[39m: [32mServer is running on port 3000.[39m
2025-05-09T11:38:46.854Z [32minfo[39m: [32mConnection to the database has been established successfully.[39m
2025-05-09T11:38:46.859Z [32minfo[39m: [32mServer is running on port 3000.[39m
2025-05-09T11:39:43.267Z [32minfo[39m: [32mConnection to the database has been established successfully.[39m
2025-05-09T11:39:43.271Z [32minfo[39m: [32mServer is running on port 3000.[39m
2025-05-09T11:41:55.990Z [31merror[39m: [31mINVALID_TOKEN[39m
2025-05-09T12:22:57.250Z [31merror[39m: [31mPage not found[39m
2025-05-09T12:23:17.803Z [31merror[39m: [31mPage not found[39m
2025-05-09T12:23:34.526Z [31merror[39m: [31mPage not found[39m
2025-05-09T12:35:00.591Z [31merror[39m: [31mPage not found[39m
2025-05-09T12:36:13.600Z [31merror[39m: [31mPage not found[39m
2025-05-09T12:43:59.877Z [31merror[39m: [31mPage not found[39m
2025-05-09T12:44:17.351Z [31merror[39m: [31mPage not found[39m
2025-05-09T12:44:49.715Z [31merror[39m: [31mPage not found[39m
2025-05-09T12:45:06.438Z [31merror[39m: [31mPage not found[39m
2025-05-09T12:45:49.273Z [31merror[39m: [31mPage not found[39m
2025-05-09T12:46:18.471Z [31merror[39m: [31mPage not found[39m
2025-05-09T12:46:41.194Z [31merror[39m: [31mPage not found[39m
2025-05-09T12:46:49.321Z [31merror[39m: [31mPage not found[39m
2025-05-09T12:47:50.667Z [31merror[39m: [31mPage not found[39m
2025-05-09T12:49:15.296Z [32minfo[39m: [32mConnection to the database has been established successfully.[39m
2025-05-09T12:49:15.301Z [32minfo[39m: [32mServer is running on port 3000.[39m
2025-05-09T12:49:18.348Z [31merror[39m: [31mPage not found[39m
2025-05-09T12:49:50.188Z [31merror[39m: [31mPage not found[39m
2025-05-09T12:50:12.280Z [31merror[39m: [31mPage not found[39m
2025-05-09T12:50:22.125Z [31merror[39m: [31mPage not found[39m
2025-05-09T12:52:05.800Z [31merror[39m: [31mPage not found[39m
2025-05-09T12:53:34.682Z [31merror[39m: [31mPage not found[39m
2025-05-09T12:55:02.236Z [31merror[39m: [31mPage not found[39m
2025-05-09T12:59:19.035Z [31merror[39m: [31mPage not found[39m
2025-05-09T13:00:00.923Z [31merror[39m: [31mPage not found[39m
2025-05-09T13:01:12.744Z [31merror[39m: [31mPage not found[39m
2025-05-09T13:04:15.549Z [31merror[39m: [31mPage not found[39m
2025-05-09T13:05:43.091Z [31merror[39m: [31mPage not found[39m
2025-05-09T13:05:59.300Z [31merror[39m: [31mPage not found[39m
2025-05-09T13:06:43.065Z [31merror[39m: [31mPage not found[39m
2025-05-09T13:07:00.073Z [31merror[39m: [31mPage not found[39m
2025-05-09T13:07:13.889Z [31merror[39m: [31mPage not found[39m
2025-05-09T14:20:20.852Z [32minfo[39m: [32mConnection to the database has been established successfully.[39m
2025-05-09T14:20:20.856Z [32minfo[39m: [32mServer is running on port 3000.[39m
2025-05-09T14:20:46.838Z [32minfo[39m: [32mConnection to the database has been established successfully.[39m
2025-05-09T14:20:46.843Z [32minfo[39m: [32mServer is running on port 3000.[39m
2025-05-09T14:21:31.526Z [32minfo[39m: [32mConnection to the database has been established successfully.[39m
2025-05-09T14:21:31.530Z [32minfo[39m: [32mServer is running on port 3000.[39m
2025-05-09T14:21:39.927Z [32minfo[39m: [32mConnection to the database has been established successfully.[39m
2025-05-09T14:21:39.932Z [32minfo[39m: [32mServer is running on port 3000.[39m
2025-05-09T14:21:56.114Z [32minfo[39m: [32mConnection to the database has been established successfully.[39m
2025-05-09T14:21:56.118Z [32minfo[39m: [32mServer is running on port 3000.[39m
2025-05-09T14:23:02.865Z [32minfo[39m: [32mConnection to the database has been established successfully.[39m
2025-05-09T14:23:02.869Z [32minfo[39m: [32mServer is running on port 3000.[39m
2025-05-09T14:31:05.016Z [32minfo[39m: [32mConnection to the database has been established successfully.[39m
2025-05-09T14:31:05.021Z [32minfo[39m: [32mServer is running on port 3000.[39m
2025-05-09T21:33:36.376Z [32minfo[39m: [32mConnection to the database has been established successfully.[39m
2025-05-09T21:33:36.381Z [32minfo[39m: [32mServer is running on port 3000.[39m
2025-05-09T21:36:29.507Z [32minfo[39m: [32mConnection to the database has been established successfully.[39m
2025-05-09T21:36:29.516Z [32minfo[39m: [32mServer is running on port 3000.[39m
2025-05-09T21:43:08.889Z [32minfo[39m: [32mConnection to the database has been established successfully.[39m
2025-05-09T21:43:08.894Z [32minfo[39m: [32mServer is running on port 3000.[39m
2025-05-09T21:43:36.685Z [32minfo[39m: [32mConnection to the database has been established successfully.[39m
2025-05-09T21:43:36.690Z [32minfo[39m: [32mServer is running on port 3000.[39m
2025-05-09T21:44:40.643Z [32minfo[39m: [32mConnection to the database has been established successfully.[39m
2025-05-09T21:44:40.647Z [32minfo[39m: [32mServer is running on port 3000.[39m
2025-05-09T21:45:57.847Z [32minfo[39m: [32mConnection to the database has been established successfully.[39m
2025-05-09T21:45:57.851Z [32minfo[39m: [32mServer is running on port 3000.[39m
2025-05-09T21:47:10.527Z [31merror[39m: [31mPage not found[39m
2025-05-09T21:48:32.405Z [32minfo[39m: [32mConnection to the database has been established successfully.[39m
2025-05-09T21:48:32.410Z [32minfo[39m: [32mServer is running on port 3000.[39m
2025-05-09T21:50:04.344Z [31merror[39m: [31mPage not found[39m
2025-05-09T21:50:12.971Z [31merror[39m: [31mPage not found[39m
2025-05-09T22:01:46.351Z [32minfo[39m: [32mConnection to the database has been established successfully.[39m
2025-05-09T22:01:46.356Z [32minfo[39m: [32mServer is running on port 3000.[39m
2025-05-09T22:02:41.182Z [32minfo[39m: [32mConnection to the database has been established successfully.[39m
2025-05-09T22:02:41.187Z [32minfo[39m: [32mServer is running on port 3000.[39m
2025-05-09T22:04:01.430Z [32minfo[39m: [32mConnection to the database has been established successfully.[39m
2025-05-09T22:04:01.435Z [32minfo[39m: [32mServer is running on port 3000.[39m
2025-05-09T22:04:04.228Z [32minfo[39m: [32mConnection to the database has been established successfully.[39m
2025-05-09T22:04:04.233Z [32minfo[39m: [32mServer is running on port 3000.[39m
2025-05-09T22:04:25.338Z [32minfo[39m: [32mConnection to the database has been established successfully.[39m
2025-05-09T22:04:25.343Z [32minfo[39m: [32mServer is running on port 3000.[39m
2025-05-09T22:05:09.075Z [32minfo[39m: [32mConnection to the database has been established successfully.[39m
2025-05-09T22:05:09.079Z [32minfo[39m: [32mServer is running on port 3000.[39m
2025-05-09T22:05:27.581Z [32minfo[39m: [32mConnection to the database has been established successfully.[39m
2025-05-09T22:05:27.586Z [32minfo[39m: [32mServer is running on port 3000.[39m
2025-05-09T22:06:10.237Z [32minfo[39m: [32mConnection to the database has been established successfully.[39m
2025-05-09T22:06:10.243Z [32minfo[39m: [32mServer is running on port 3000.[39m
2025-05-09T22:06:44.192Z [32minfo[39m: [32mConnection to the database has been established successfully.[39m
2025-05-09T22:06:44.197Z [32minfo[39m: [32mServer is running on port 3000.[39m
2025-05-09T22:07:08.347Z [32minfo[39m: [32mConnection to the database has been established successfully.[39m
2025-05-09T22:07:08.352Z [32minfo[39m: [32mServer is running on port 3000.[39m
2025-05-09T22:07:20.484Z [32minfo[39m: [32mConnection to the database has been established successfully.[39m
2025-05-09T22:07:20.489Z [32minfo[39m: [32mServer is running on port 3000.[39m
2025-05-09T22:07:41.544Z [32minfo[39m: [32mConnection to the database has been established successfully.[39m
2025-05-09T22:07:41.549Z [32minfo[39m: [32mServer is running on port 3000.[39m
2025-05-09T22:19:14.418Z [32minfo[39m: [32mConnection to the database has been established successfully.[39m
2025-05-09T22:19:14.423Z [32minfo[39m: [32mServer is running on port 3000.[39m
2025-05-09T22:23:39.269Z [32minfo[39m: [32mConnection to the database has been established successfully.[39m
2025-05-09T22:23:39.274Z [32minfo[39m: [32mServer is running on port 3000.[39m
2025-05-09T22:23:51.586Z [32minfo[39m: [32mConnection to the database has been established successfully.[39m
2025-05-09T22:23:51.590Z [32minfo[39m: [32mServer is running on port 3000.[39m
2025-05-09T22:27:35.208Z [32minfo[39m: [32mConnection to the database has been established successfully.[39m
2025-05-09T22:27:35.213Z [32minfo[39m: [32mServer is running on port 3000.[39m
2025-05-11T11:37:26.006Z [32minfo[39m: [32mConnection to the database has been established successfully.[39m
2025-05-11T11:37:26.028Z [32minfo[39m: [32mServer is running on port 3000.[39m
2025-05-11T12:27:49.154Z [31merror[39m: [31mToo many requests, please try again later.[39m
2025-05-11T12:28:13.651Z [32minfo[39m: [32mConnection to the database has been established successfully.[39m
2025-05-11T12:28:13.657Z [32minfo[39m: [32mServer is running on port 3000.[39m
2025-05-11T12:37:46.018Z [31merror[39m: [31mPage not found[39m
2025-05-11T12:49:03.684Z [31merror[39m: [31mPage not found[39m
2025-05-11T12:49:22.165Z [31merror[39m: [31mPage not found[39m
2025-05-11T13:02:30.138Z [31merror[39m: [31mPage not found[39m
2025-05-11T14:28:34.383Z [31merror[39m: [31mPage not found[39m
2025-05-11T14:28:53.907Z [31merror[39m: [31mPage not found[39m
2025-05-11T14:29:37.434Z [31merror[39m: [31mPage not found[39m
2025-05-11T14:29:45.040Z [31merror[39m: [31mPage not found[39m
2025-05-11T14:29:52.579Z [31merror[39m: [31mPage not found[39m
2025-05-11T14:29:57.582Z [31merror[39m: [31mPage not found[39m
2025-05-11T14:47:40.836Z [31merror[39m: [31mconnect ECONNREFUSED 127.0.0.1:3306[39m
2025-05-11T14:48:00.153Z [31merror[39m: [31mconnect ECONNREFUSED 127.0.0.1:3306[39m
2025-05-11T21:06:15.343Z [32minfo[39m: [32mConnection to the database has been established successfully.[39m
2025-05-11T21:06:15.349Z [32minfo[39m: [32mServer is running on port 3000.[39m
2025-05-11T21:47:29.018Z [31merror[39m: [31mPage not found[39m
2025-05-11T21:47:34.920Z [31merror[39m: [31mPage not found[39m
2025-05-11T22:02:14.928Z [31merror[39m: [31mPage not found[39m
2025-05-11T22:02:25.744Z [31merror[39m: [31mPage not found[39m
2025-05-11T22:02:35.227Z [31merror[39m: [31mPage not found[39m
2025-05-11T22:02:54.836Z [31merror[39m: [31mPage not found[39m
2025-05-11T22:03:04.018Z [31merror[39m: [31mPage not found[39m
2025-05-11T22:03:18.650Z [31merror[39m: [31mPage not found[39m
2025-05-11T22:03:46.703Z [31merror[39m: [31mPage not found[39m
2025-05-11T22:04:04.099Z [31merror[39m: [31mPage not found[39m
2025-05-12T11:04:46.907Z [32minfo[39m: [32mConnection to the database has been established successfully.[39m
2025-05-12T11:04:46.913Z [32minfo[39m: [32mServer is running on port 3000.[39m
2025-05-12T12:23:52.560Z [31merror[39m: [31mPage not found[39m
2025-05-12T12:23:53.228Z [31merror[39m: [31mPage not found[39m
2025-05-12T12:24:12.927Z [31merror[39m: [31mPage not found[39m
2025-05-12T12:32:22.637Z [31merror[39m: [31mINVALID_TOKEN[39m
2025-05-12T12:32:22.642Z [31merror[39m: [31mINVALID_TOKEN[39m
2025-05-12T12:32:23.219Z [31merror[39m: [31mINVALID_TOKEN[39m
2025-05-12T12:32:23.808Z [31merror[39m: [31mINVALID_TOKEN[39m
2025-05-12T12:32:24.391Z [31merror[39m: [31mINVALID_TOKEN[39m
2025-05-12T12:32:24.966Z [31merror[39m: [31mINVALID_TOKEN[39m
2025-05-12T12:32:32.812Z [31merror[39m: [31mINVALID_TOKEN[39m
2025-05-12T12:32:32.817Z [31merror[39m: [31mINVALID_TOKEN[39m
2025-05-12T12:32:33.397Z [31merror[39m: [31mINVALID_TOKEN[39m
2025-05-12T12:32:33.983Z [31merror[39m: [31mINVALID_TOKEN[39m
2025-05-12T12:32:34.572Z [31merror[39m: [31mINVALID_TOKEN[39m
2025-05-12T12:32:35.148Z [31merror[39m: [31mINVALID_TOKEN[39m
2025-05-12T12:38:07.327Z [31merror[39m: [31mPage not found[39m
2025-05-12T12:39:06.179Z [31merror[39m: [31mPage not found[39m
2025-05-12T12:41:01.093Z [31merror[39m: [31mPage not found[39m
2025-05-12T12:46:23.784Z [31merror[39m: [31mPage not found[39m
2025-05-12T12:46:44.070Z [31merror[39m: [31mPage not found[39m
2025-05-12T12:48:54.136Z [31merror[39m: [31mPage not found[39m
2025-05-12T12:49:33.292Z [31merror[39m: [31mPage not found[39m
2025-05-12T12:50:53.436Z [31merror[39m: [31mPage not found[39m
2025-05-12T12:51:54.803Z [31merror[39m: [31mPage not found[39m
2025-05-12T12:52:40.689Z [31merror[39m: [31mPage not found[39m
2025-05-12T13:44:35.662Z [31merror[39m: [31mPage not found[39m
2025-05-12T13:44:35.665Z [31merror[39m: [31mPage not found[39m
2025-05-12T13:44:36.244Z [31merror[39m: [31mPage not found[39m
2025-05-12T13:44:36.254Z [31merror[39m: [31mPage not found[39m
2025-05-12T13:44:36.831Z [31merror[39m: [31mPage not found[39m
2025-05-12T13:44:36.847Z [31merror[39m: [31mPage not found[39m
2025-05-12T13:44:37.421Z [31merror[39m: [31mPage not found[39m
2025-05-12T14:19:43.460Z [31merror[39m: [31mPage not found[39m
2025-05-12T14:20:34.374Z [31merror[39m: [31mPage not found[39m
2025-05-12T14:22:29.976Z [31merror[39m: [31mPage not found[39m
2025-05-12T14:22:42.677Z [31merror[39m: [31mPage not found[39m
2025-05-12T14:24:24.249Z [31merror[39m: [31mPage not found[39m
2025-05-12T14:26:20.754Z [31merror[39m: [31mPage not found[39m
2025-05-12T14:33:41.621Z [31merror[39m: [31mPage not found[39m
2025-05-12T14:33:42.197Z [31merror[39m: [31mPage not found[39m
2025-05-12T14:33:42.776Z [31merror[39m: [31mPage not found[39m
2025-05-12T14:33:43.355Z [31merror[39m: [31mPage not found[39m
2025-05-12T14:34:03.313Z [31merror[39m: [31mPage not found[39m
2025-05-12T14:34:03.885Z [31merror[39m: [31mPage not found[39m
2025-05-12T14:34:04.473Z [31merror[39m: [31mPage not found[39m
2025-05-12T14:34:05.044Z [31merror[39m: [31mPage not found[39m
2025-05-12T14:35:50.207Z [31merror[39m: [31mPage not found[39m
2025-05-12T14:36:22.435Z [31merror[39m: [31mPage not found[39m
2025-05-12T14:37:01.756Z [31merror[39m: [31mPage not found[39m
2025-05-12T14:37:02.332Z [31merror[39m: [31mPage not found[39m
2025-05-12T16:59:47.824Z [32minfo[39m: [32mConnection to the database has been established successfully.[39m
2025-05-12T16:59:47.833Z [32minfo[39m: [32mServer is running on port 3000.[39m
2025-05-12T23:54:24.739Z [32minfo[39m: [32mConnection to the database has been established successfully.[39m
2025-05-12T23:54:24.744Z [32minfo[39m: [32mServer is running on port 3000.[39m
2025-05-13T11:15:51.072Z [32minfo[39m: [32mConnection to the database has been established successfully.[39m
2025-05-13T11:15:51.176Z [32minfo[39m: [32mServer is running on port 3000.[39m
2025-05-13T13:02:49.872Z [31merror[39m: [31mINVALID_PASSWORD[39m
2025-05-13T13:04:29.066Z [31merror[39m: [31mINVALID_PASSWORD[39m
2025-05-13T13:04:41.929Z [31merror[39m: [31mINVALID_PASSWORD[39m
2025-05-13T13:05:34.278Z [31merror[39m: [31mINVALID_PASSWORD[39m
2025-05-13T13:06:21.916Z [31merror[39m: [31mINVALID_PASSWORD[39m
2025-05-13T13:07:12.367Z [31merror[39m: [31mINVALID_PASSWORD[39m
2025-05-13T13:08:41.005Z [31merror[39m: [31mINVALID_PASSWORD[39m
2025-05-13T13:09:52.327Z [31merror[39m: [31mINVALID_PASSWORD[39m
2025-05-13T13:10:03.159Z [31merror[39m: [31mINVALID_PASSWORD[39m
2025-05-13T13:10:34.967Z [31merror[39m: [31mINVALID_PASSWORD[39m
2025-05-13T13:11:16.904Z [31merror[39m: [31mINVALID_PASSWORD[39m
2025-05-13T13:11:45.565Z [31merror[39m: [31mINVALID_PASSWORD[39m
2025-05-13T21:14:20.795Z [32minfo[39m: [32mConnection to the database has been established successfully.[39m
2025-05-13T21:14:20.867Z [32minfo[39m: [32mServer is running on port 3000.[39m
2025-05-13T21:42:50.925Z [31merror[39m: [31mINVALID_TOKEN[39m
2025-05-14T11:04:13.886Z [32minfo[39m: [32mConnection to the database has been established successfully.[39m
2025-05-14T11:04:13.921Z [32minfo[39m: [32mServer is running on port 3000.[39m
2025-05-14T12:23:43.405Z [32minfo[39m: [32mConnection to the database has been established successfully.[39m
2025-05-14T12:23:43.488Z [32minfo[39m: [32mServer is running on port 3000.[39m
2025-05-14T12:53:30.970Z [31merror[39m: [31mUNAUTHORIZED[39m
2025-05-14T12:53:38.834Z [31merror[39m: [31mUNAUTHORIZED[39m
2025-05-14T13:06:53.592Z [31merror[39m: [31mACCESS_DENIED[39m
2025-05-14T13:07:19.801Z [31merror[39m: [31mACCESS_DENIED[39m
2025-05-15T11:43:23.153Z [32minfo[39m: [32mConnection to the database has been established successfully.[39m
2025-05-15T11:43:23.159Z [32minfo[39m: [32mServer is running on port 3000.[39m
2025-05-15T11:54:35.117Z [32minfo[39m: [32mConnection to the database has been established successfully.[39m
2025-05-15T11:54:35.124Z [32minfo[39m: [32mServer is running on port 3000.[39m
2025-05-15T11:58:32.757Z [32minfo[39m: [32mConnection to the database has been established successfully.[39m
2025-05-15T11:58:32.763Z [32minfo[39m: [32mServer is running on port 3000.[39m
2025-05-15T11:59:22.583Z [32minfo[39m: [32mConnection to the database has been established successfully.[39m
2025-05-15T11:59:22.588Z [32minfo[39m: [32mServer is running on port 3000.[39m
2025-05-15T12:00:01.588Z [32minfo[39m: [32mConnection to the database has been established successfully.[39m
2025-05-15T12:00:01.594Z [32minfo[39m: [32mServer is running on port 3000.[39m
2025-05-15T12:02:36.550Z [32minfo[39m: [32mConnection to the database has been established successfully.[39m
2025-05-15T12:02:36.555Z [32minfo[39m: [32mServer is running on port 3000.[39m
2025-05-15T12:04:22.701Z [32minfo[39m: [32mConnection to the database has been established successfully.[39m
2025-05-15T12:04:22.706Z [32minfo[39m: [32mServer is running on port 3000.[39m
2025-05-15T12:07:18.692Z [32minfo[39m: [32mConnection to the database has been established successfully.[39m
2025-05-15T12:07:18.698Z [32minfo[39m: [32mServer is running on port 3000.[39m
2025-05-15T12:08:44.804Z [32minfo[39m: [32mConnection to the database has been established successfully.[39m
2025-05-15T12:08:44.809Z [32minfo[39m: [32mServer is running on port 3000.[39m
2025-05-15T12:13:16.258Z [32minfo[39m: [32mConnection to the database has been established successfully.[39m
2025-05-15T12:13:16.264Z [32minfo[39m: [32mServer is running on port 3000.[39m
2025-05-15T12:30:41.341Z [31merror[39m: [31mACCESS_DENIED[39m
2025-05-15T12:30:54.564Z [31merror[39m: [31mACCESS_DENIED[39m
2025-05-15T12:32:19.662Z [31merror[39m: [31mACCESS_DENIED[39m
2025-05-15T12:32:29.403Z [31merror[39m: [31mACCESS_DENIED[39m
2025-05-15T12:33:26.855Z [31merror[39m: [31mACCESS_DENIED[39m
2025-05-15T12:33:32.812Z [31merror[39m: [31mACCESS_DENIED[39m
2025-05-15T12:33:44.380Z [31merror[39m: [31mACCESS_DENIED[39m
2025-05-15T12:33:57.062Z [31merror[39m: [31mACCESS_DENIED[39m
2025-05-15T12:34:05.678Z [31merror[39m: [31mACCESS_DENIED[39m
2025-05-15T12:34:43.587Z [31merror[39m: [31mACCESS_DENIED[39m
2025-05-15T12:34:58.509Z [31merror[39m: [31mACCESS_DENIED[39m
2025-05-15T12:35:21.726Z [31merror[39m: [31mACCESS_DENIED[39m
2025-05-15T12:37:12.186Z [31merror[39m: [31mACCESS_DENIED[39m
2025-05-15T12:37:54.149Z [31merror[39m: [31mACCESS_DENIED[39m
2025-05-15T12:38:03.069Z [31merror[39m: [31mACCESS_DENIED[39m
2025-05-15T12:39:40.587Z [31merror[39m: [31mACCESS_DENIED[39m
2025-05-15T12:39:59.857Z [31merror[39m: [31mACCESS_DENIED[39m
